Arguments: 
  /usr/local/bin/node /mnt/c/Program Files (x86)/Yarn/bin/yarn.js

PATH: 
  /home/tanso/.autojump/bin:/home/tanso/.autojump/bin:/usr/local/sbin:/usr/local/bin:/usr/sbin:/usr/bin:/sbin:/bin:/usr/games:/usr/local/games:/mnt/d/front-end-dev/icons-vue3/node_modules/.bin:/mnt/c/Windows/system32:/mnt/c/Windows:/mnt/c/Windows/System32/Wbem:/mnt/c/Windows/System32/WindowsPowerShell/v1.0/:/mnt/c/Windows/System32/OpenSSH/:/mnt/d/cmder:/mnt/c/Program Files/nodejs/:/mnt/c/Program Files (x86)/Yarn/bin/:/mnt/c/Program Files/Git/cmd:/mnt/c/Users/tanso/AppData/Local/Microsoft/WindowsApps:/mnt/c/Users/tanso/AppData/Roaming/npm:/mnt/c/Users/tanso/AppData/Local/Yarn/bin:info If you think this is a bug, please open a bug report with the information provided in "/mnt/d/front-end-dev/icons-vue3/yarn-error.log".
  info Visit https://yarnpkg.com/en/docs/cli/global for documentation about this command.

Yarn version: 
  1.22.4

Node version: 
  12.18.3

Platform: 
  linux x64

Trace: 
  SyntaxError: /mnt/d/front-end-dev/icons-vue3/package.json: Unexpected token } in JSON at position 545
      at JSON.parse (<anonymous>)
      at /mnt/c/Program Files (x86)/Yarn/lib/cli.js:1625:59
      at Generator.next (<anonymous>)
      at step (/mnt/c/Program Files (x86)/Yarn/lib/cli.js:310:30)
      at /mnt/c/Program Files (x86)/Yarn/lib/cli.js:321:13

npm manifest: 
  {
    "name": "icons-vue3",
    "version": "0.0.1",
    "main": "index.js",
    "license": "MIT",
    "scripts": {
      "generate": "rimraf src/icons && node generateIcons.js",
      "build": "rimraf lib && rollup -c rollup.config.js"
    },
    "files": [
      "lib"
    ],
    "devDependencies": {
      "@babel/core": "^7.11.4",
      "@babel/preset-env": "^7.11.0",
      "@rollup/plugin-alias": "^3.1.1",
      "@rollup/plugin-commonjs": "^15.0.0",
      "rimraf": "^3.0.2",
      "rollup-plugin-babel": "^4.4.0",
      "rollup-plugin-scss": "^2.6.0",
      "svgo": "^1.3.2",
    }
  }

yarn manifest: 
  No manifest

Lockfile: 
  No lockfile
